#0  core\Controller->redirectToError(Exception Object ([] => AdminController::deleteUser Ett oväntat fel har inträffat, användaren har inte hittats i databasen,[] => ,[] => 0,[] => C:\ProjektPHP\al223ecProjekt\src\blogg\controller\admin_controller.php,[] => 68,[] => Array ([0] => Array ([file] => C:\ProjektPHP\al223ecProjekt\core\router.php,[line] => 95,[function] => deleteUser,[class] => blogg\controller\AdminController,[type] => ->,[args] => Array ()),[1] => Array ([file] => C:\ProjektPHP\al223ecProjekt\index.php,[line] => 12,[function] => dispatch,[class] => core\Router,[type] => ->,[args] => Array ())),[] => )) called at [C:\ProjektPHP\al223ecProjekt\src\blogg\controller\admin_controller.php:71]
#1  blogg\controller\AdminController->deleteUser() called at [C:\ProjektPHP\al223ecProjekt\core\router.php:95]
#2  core\Router->dispatch() called at [C:\ProjektPHP\al223ecProjekt\index.php:12]
exception 'Exception' with message 'AdminController::deleteUser Ett oväntat fel har inträffat, användaren har inte hittats i databasen' in C:\ProjektPHP\al223ecProjekt\src\blogg\controller\admin_controller.php:68
Stack trace:
#0 C:\ProjektPHP\al223ecProjekt\core\router.php(95): blogg\controller\AdminController->deleteUser()
#1 C:\ProjektPHP\al223ecProjekt\index.php(12): core\Router->dispatch()
#2 {main}#0  core\Controller->redirectToError(Exception Object ([] => AdminController::deleteUser Ett oväntat fel har inträffat, användaren har inte hittats i databasen,[] => ,[] => 0,[] => C:\ProjektPHP\al223ecProjekt\src\blogg\controller\admin_controller.php,[] => 68,[] => Array ([0] => Array ([file] => C:\ProjektPHP\al223ecProjekt\core\router.php,[line] => 95,[function] => deleteUser,[class] => blogg\controller\AdminController,[type] => ->,[args] => Array ()),[1] => Array ([file] => C:\ProjektPHP\al223ecProjekt\index.php,[line] => 12,[function] => dispatch,[class] => core\Router,[type] => ->,[args] => Array ())),[] => )) called at [C:\ProjektPHP\al223ecProjekt\src\blogg\controller\admin_controller.php:71]
#1  blogg\controller\AdminController->deleteUser() called at [C:\ProjektPHP\al223ecProjekt\core\router.php:95]
#2  core\Router->dispatch() called at [C:\ProjektPHP\al223ecProjekt\index.php:12]
exception 'Exception' with message 'AdminController::deleteUser Ett oväntat fel har inträffat, användaren har inte hittats i databasen' in C:\ProjektPHP\al223ecProjekt\src\blogg\controller\admin_controller.php:68
Stack trace:
#0 C:\ProjektPHP\al223ecProjekt\core\router.php(95): blogg\controller\AdminController->deleteUser()
#1 C:\ProjektPHP\al223ecProjekt\index.php(12): core\Router->dispatch()
#2 {main}#0  core\Controller->redirectToError(Exception Object ([] => AdminController::deleteUser Ett oväntat fel har inträffat, användaren har inte hittats i databasen,[] => ,[] => 0,[] => C:\ProjektPHP\al223ecProjekt\src\blogg\controller\admin_controller.php,[] => 67,[] => Array ([0] => Array ([file] => C:\ProjektPHP\al223ecProjekt\core\router.php,[line] => 95,[function] => deleteUser,[class] => blogg\controller\AdminController,[type] => ->,[args] => Array ()),[1] => Array ([file] => C:\ProjektPHP\al223ecProjekt\index.php,[line] => 12,[function] => dispatch,[class] => core\Router,[type] => ->,[args] => Array ())),[] => )) called at [C:\ProjektPHP\al223ecProjekt\src\blogg\controller\admin_controller.php:70]
#1  blogg\controller\AdminController->deleteUser() called at [C:\ProjektPHP\al223ecProjekt\core\router.php:95]
#2  core\Router->dispatch() called at [C:\ProjektPHP\al223ecProjekt\index.php:12]
exception 'Exception' with message 'AdminController::deleteUser Ett oväntat fel har inträffat, användaren har inte hittats i databasen' in C:\ProjektPHP\al223ecProjekt\src\blogg\controller\admin_controller.php:67
Stack trace:
#0 C:\ProjektPHP\al223ecProjekt\core\router.php(95): blogg\controller\AdminController->deleteUser()
#1 C:\ProjektPHP\al223ecProjekt\index.php(12): core\Router->dispatch()
#2 {main}#0  core\Controller->redirectToError(Exception Object ([] => AdminController::deleteUser Ett oväntat fel har inträffat, användaren har inte hittats i databasen,[] => ,[] => 0,[] => C:\ProjektPHP\al223ecProjekt\src\blogg\controller\admin_controller.php,[] => 67,[] => Array ([0] => Array ([file] => C:\ProjektPHP\al223ecProjekt\core\router.php,[line] => 95,[function] => deleteUser,[class] => blogg\controller\AdminController,[type] => ->,[args] => Array ()),[1] => Array ([file] => C:\ProjektPHP\al223ecProjekt\index.php,[line] => 12,[function] => dispatch,[class] => core\Router,[type] => ->,[args] => Array ())),[] => )) called at [C:\ProjektPHP\al223ecProjekt\src\blogg\controller\admin_controller.php:70]
#1  blogg\controller\AdminController->deleteUser() called at [C:\ProjektPHP\al223ecProjekt\core\router.php:95]
#2  core\Router->dispatch() called at [C:\ProjektPHP\al223ecProjekt\index.php:12]
exception 'Exception' with message 'AdminController::deleteUser Ett oväntat fel har inträffat, användaren har inte hittats i databasen' in C:\ProjektPHP\al223ecProjekt\src\blogg\controller\admin_controller.php:67
Stack trace:
#0 C:\ProjektPHP\al223ecProjekt\core\router.php(95): blogg\controller\AdminController->deleteUser()
#1 C:\ProjektPHP\al223ecProjekt\index.php(12): core\Router->dispatch()
#2 {main}#0  core\Controller->redirectToError(Exception Object ([] => AdminController::deleteUser Ett oväntat fel har inträffat, användaren har inte hittats i databasen,[] => ,[] => 0,[] => C:\ProjektPHP\al223ecProjekt\src\blogg\controller\admin_controller.php,[] => 67,[] => Array ([0] => Array ([file] => C:\ProjektPHP\al223ecProjekt\core\router.php,[line] => 95,[function] => deleteUser,[class] => blogg\controller\AdminController,[type] => ->,[args] => Array ()),[1] => Array ([file] => C:\ProjektPHP\al223ecProjekt\index.php,[line] => 12,[function] => dispatch,[class] => core\Router,[type] => ->,[args] => Array ())),[] => )) called at [C:\ProjektPHP\al223ecProjekt\src\blogg\controller\admin_controller.php:70]
#1  blogg\controller\AdminController->deleteUser() called at [C:\ProjektPHP\al223ecProjekt\core\router.php:95]
#2  core\Router->dispatch() called at [C:\ProjektPHP\al223ecProjekt\index.php:12]
exception 'Exception' with message 'AdminController::deleteUser Ett oväntat fel har inträffat, användaren har inte hittats i databasen' in C:\ProjektPHP\al223ecProjekt\src\blogg\controller\admin_controller.php:67
Stack trace:
#0 C:\ProjektPHP\al223ecProjekt\core\router.php(95): blogg\controller\AdminController->deleteUser()
#1 C:\ProjektPHP\al223ecProjekt\index.php(12): core\Router->dispatch()
#2 {main}#0  core\Controller->redirectToError(Exception Object ([] => AdminController::deleteUser Ett oväntat fel har inträffat, användaren har inte hittats i databasen,[] => ,[] => 0,[] => C:\ProjektPHP\al223ecProjekt\src\blogg\controller\admin_controller.php,[] => 67,[] => Array ([0] => Array ([file] => C:\ProjektPHP\al223ecProjekt\core\router.php,[line] => 95,[function] => deleteUser,[class] => blogg\controller\AdminController,[type] => ->,[args] => Array ()),[1] => Array ([file] => C:\ProjektPHP\al223ecProjekt\index.php,[line] => 12,[function] => dispatch,[class] => core\Router,[type] => ->,[args] => Array ())),[] => )) called at [C:\ProjektPHP\al223ecProjekt\src\blogg\controller\admin_controller.php:70]
#1  blogg\controller\AdminController->deleteUser() called at [C:\ProjektPHP\al223ecProjekt\core\router.php:95]
#2  core\Router->dispatch() called at [C:\ProjektPHP\al223ecProjekt\index.php:12]
exception 'Exception' with message 'AdminController::deleteUser Ett oväntat fel har inträffat, användaren har inte hittats i databasen' in C:\ProjektPHP\al223ecProjekt\src\blogg\controller\admin_controller.php:67
Stack trace:
#0 C:\ProjektPHP\al223ecProjekt\core\router.php(95): blogg\controller\AdminController->deleteUser()
#1 C:\ProjektPHP\al223ecProjekt\index.php(12): core\Router->dispatch()
#2 {main}#0  core\Controller->redirectToError(Exception Object ([] => AdminController::deleteUser Ett oväntat fel har inträffat, användaren har inte hittats i databasen,[] => ,[] => 0,[] => C:\ProjektPHP\al223ecProjekt\src\blogg\controller\admin_controller.php,[] => 67,[] => Array ([0] => Array ([file] => C:\ProjektPHP\al223ecProjekt\core\router.php,[line] => 95,[function] => deleteUser,[class] => blogg\controller\AdminController,[type] => ->,[args] => Array ()),[1] => Array ([file] => C:\ProjektPHP\al223ecProjekt\index.php,[line] => 12,[function] => dispatch,[class] => core\Router,[type] => ->,[args] => Array ())),[] => )) called at [C:\ProjektPHP\al223ecProjekt\src\blogg\controller\admin_controller.php:70]
#1  blogg\controller\AdminController->deleteUser() called at [C:\ProjektPHP\al223ecProjekt\core\router.php:95]
#2  core\Router->dispatch() called at [C:\ProjektPHP\al223ecProjekt\index.php:12]
exception 'Exception' with message 'AdminController::deleteUser Ett oväntat fel har inträffat, användaren har inte hittats i databasen' in C:\ProjektPHP\al223ecProjekt\src\blogg\controller\admin_controller.php:67
Stack trace:
#0 C:\ProjektPHP\al223ecProjekt\core\router.php(95): blogg\controller\AdminController->deleteUser()
#1 C:\ProjektPHP\al223ecProjekt\index.php(12): core\Router->dispatch()
#2 {main}#0  core\Controller->redirectToError(Exception Object ([] => AdminController::deleteUser Ett oväntat fel har inträffat, användaren har inte hittats i databasen,[] => ,[] => 0,[] => C:\ProjektPHP\al223ecProjekt\src\blogg\controller\admin_controller.php,[] => 67,[] => Array ([0] => Array ([file] => C:\ProjektPHP\al223ecProjekt\core\router.php,[line] => 95,[function] => deleteUser,[class] => blogg\controller\AdminController,[type] => ->,[args] => Array ()),[1] => Array ([file] => C:\ProjektPHP\al223ecProjekt\index.php,[line] => 12,[function] => dispatch,[class] => core\Router,[type] => ->,[args] => Array ())),[] => )) called at [C:\ProjektPHP\al223ecProjekt\src\blogg\controller\admin_controller.php:70]
#1  blogg\controller\AdminController->deleteUser() called at [C:\ProjektPHP\al223ecProjekt\core\router.php:95]
#2  core\Router->dispatch() called at [C:\ProjektPHP\al223ecProjekt\index.php:12]
exception 'Exception' with message 'AdminController::deleteUser Ett oväntat fel har inträffat, användaren har inte hittats i databasen' in C:\ProjektPHP\al223ecProjekt\src\blogg\controller\admin_controller.php:67
Stack trace:
#0 C:\ProjektPHP\al223ecProjekt\core\router.php(95): blogg\controller\AdminController->deleteUser()
#1 C:\ProjektPHP\al223ecProjekt\index.php(12): core\Router->dispatch()
#2 {main}#0  core\Controller->redirectToError(Exception Object ([] => AdminController::deleteUser Ett oväntat fel har inträffat, användaren har inte hittats i databasen,[] => ,[] => 0,[] => C:\ProjektPHP\al223ecProjekt\src\blogg\controller\admin_controller.php,[] => 67,[] => Array ([0] => Array ([file] => C:\ProjektPHP\al223ecProjekt\core\router.php,[line] => 95,[function] => deleteUser,[class] => blogg\controller\AdminController,[type] => ->,[args] => Array ()),[1] => Array ([file] => C:\ProjektPHP\al223ecProjekt\index.php,[line] => 12,[function] => dispatch,[class] => core\Router,[type] => ->,[args] => Array ())),[] => )) called at [C:\ProjektPHP\al223ecProjekt\src\blogg\controller\admin_controller.php:70]
#1  blogg\controller\AdminController->deleteUser() called at [C:\ProjektPHP\al223ecProjekt\core\router.php:95]
#2  core\Router->dispatch() called at [C:\ProjektPHP\al223ecProjekt\index.php:12]
exception 'Exception' with message 'AdminController::deleteUser Ett oväntat fel har inträffat, användaren har inte hittats i databasen' in C:\ProjektPHP\al223ecProjekt\src\blogg\controller\admin_controller.php:67
Stack trace:
#0 C:\ProjektPHP\al223ecProjekt\core\router.php(95): blogg\controller\AdminController->deleteUser()
#1 C:\ProjektPHP\al223ecProjekt\index.php(12): core\Router->dispatch()
#2 {main}#0  core\Controller->redirectToError(Exception Object ([] => AdminController::deleteUser Ett oväntat fel har inträffat, användaren har inte hittats i databasen,[] => ,[] => 0,[] => C:\ProjektPHP\al223ecProjekt\src\blogg\controller\admin_controller.php,[] => 67,[] => Array ([0] => Array ([file] => C:\ProjektPHP\al223ecProjekt\core\router.php,[line] => 95,[function] => deleteUser,[class] => blogg\controller\AdminController,[type] => ->,[args] => Array ()),[1] => Array ([file] => C:\ProjektPHP\al223ecProjekt\index.php,[line] => 12,[function] => dispatch,[class] => core\Router,[type] => ->,[args] => Array ())),[] => )) called at [C:\ProjektPHP\al223ecProjekt\src\blogg\controller\admin_controller.php:70]
#1  blogg\controller\AdminController->deleteUser() called at [C:\ProjektPHP\al223ecProjekt\core\router.php:95]
#2  core\Router->dispatch() called at [C:\ProjektPHP\al223ecProjekt\index.php:12]
exception 'Exception' with message 'AdminController::deleteUser Ett oväntat fel har inträffat, användaren har inte hittats i databasen' in C:\ProjektPHP\al223ecProjekt\src\blogg\controller\admin_controller.php:67
Stack trace:
#0 C:\ProjektPHP\al223ecProjekt\core\router.php(95): blogg\controller\AdminController->deleteUser()
#1 C:\ProjektPHP\al223ecProjekt\index.php(12): core\Router->dispatch()
#2 {main}#0  core\Controller->redirectToError(Exception Object ([] => AdminController::deleteUser Ett oväntat fel har inträffat, användaren har inte hittats i databasen,[] => ,[] => 0,[] => C:\ProjektPHP\al223ecProjekt\src\blogg\controller\admin_controller.php,[] => 67,[] => Array ([0] => Array ([file] => C:\ProjektPHP\al223ecProjekt\core\router.php,[line] => 95,[function] => deleteUser,[class] => blogg\controller\AdminController,[type] => ->,[args] => Array ()),[1] => Array ([file] => C:\ProjektPHP\al223ecProjekt\index.php,[line] => 12,[function] => dispatch,[class] => core\Router,[type] => ->,[args] => Array ())),[] => )) called at [C:\ProjektPHP\al223ecProjekt\src\blogg\controller\admin_controller.php:70]
#1  blogg\controller\AdminController->deleteUser() called at [C:\ProjektPHP\al223ecProjekt\core\router.php:95]
#2  core\Router->dispatch() called at [C:\ProjektPHP\al223ecProjekt\index.php:12]
exception 'Exception' with message 'AdminController::deleteUser Ett oväntat fel har inträffat, användaren har inte hittats i databasen' in C:\ProjektPHP\al223ecProjekt\src\blogg\controller\admin_controller.php:67
Stack trace:
#0 C:\ProjektPHP\al223ecProjekt\core\router.php(95): blogg\controller\AdminController->deleteUser()
#1 C:\ProjektPHP\al223ecProjekt\index.php(12): core\Router->dispatch()
#2 {main}#0  core\Controller->redirectToError(Exception Object ([] => Error Processing Request,[] => ,[] => 1,[] => C:\ProjektPHP\al223ecProjekt\src\blogg\controller\admin_controller.php,[] => 19,[] => Array ([0] => Array ([file] => C:\ProjektPHP\al223ecProjekt\core\router.php,[line] => 96,[function] => main,[class] => blogg\controller\AdminController,[type] => ->,[args] => Array ()),[1] => Array ([file] => C:\ProjektPHP\al223ecProjekt\index.php,[line] => 12,[function] => dispatch,[class] => core\Router,[type] => ->,[args] => Array ())),[] => )) called at [C:\ProjektPHP\al223ecProjekt\core\router.php:100]
#1  core\Router->dispatch() called at [C:\ProjektPHP\al223ecProjekt\index.php:12]
exception 'Exception' with message 'Error Processing Request' in C:\ProjektPHP\al223ecProjekt\src\blogg\controller\admin_controller.php:19
Stack trace:
#0 C:\ProjektPHP\al223ecProjekt\core\router.php(96): blogg\controller\AdminController->main()
#1 C:\ProjektPHP\al223ecProjekt\index.php(12): core\Router->dispatch()
#2 {main}#0  core\Router->redirectToError() called at [C:\ProjektPHP\al223ecProjekt\core\router.php:133]
#1  core\Router->redirectToAdminSettings() called at [C:\ProjektPHP\al223ecProjekt\core\router.php:101]
#2  core\Router->dispatch() called at [C:\ProjektPHP\al223ecProjekt\index.php:14]
#0  core\Router->redirectToError(PDOException Object ([] => SQLSTATE[HY000] [1045] Access denied for user 'root'@'localhost' (using password: YES),[] => ,[] => 1045,[] => C:\ProjektPHP\al223ecProjekt\core\db\repository.php,[] => 16,[] => Array ([0] => Array ([file] => C:\ProjektPHP\al223ecProjekt\core\db\repository.php,[line] => 16,[function] => __construct,[class] => PDO,[type] => ->,[args] => Array ([0] => mysql:host=127.0.0.1;dbname=project,[1] => root,[2] => lösen)),[1] => Array ([file] => C:\ProjektPHP\al223ecProjekt\core\db\repository.php,[line] => 36,[function] => connection,[class] => core\db\Repository,[type] => ->,[args] => Array ()),[2] => Array ([file] => C:\ProjektPHP\al223ecProjekt\core\db\repository.php,[line] => 31,[function] => query,[class] => core\db\Repository,[type] => ->,[args] => Array ([0] => 
			SELECT users.*
			FROM users
			WHERE users.id = :value
		,[1] => Array ([:value] => 13))),[3] => Array ([file] => C:\ProjektPHP\al223ecProjekt\src\auth\model\repository\user_repository.php,[line] => 42,[function] => findBy,[class] => core\db\Repository,[type] => ->,[args] => Array ([0] => id,[1] => 13)),[4] => Array ([file] => C:\ProjektPHP\al223ecProjekt\src\auth\model\auth_model.php,[line] => 30,[function] => getUserWithId,[class] => auth\model\repository\UserRepository,[type] => ->,[args] => Array ([0] => 13)),[5] => Array ([file] => C:\ProjektPHP\al223ecProjekt\src\auth\model\auth_model.php,[line] => 21,[function] => getLoggedInUser,[class] => auth\model\AuthModel,[type] => ->,[args] => Array ()),[6] => Array ([file] => C:\ProjektPHP\al223ecProjekt\src\auth\controller\auth_controller.php,[line] => 28,[function] => getLoggedInUserName,[class] => auth\model\AuthModel,[type] => ->,[args] => Array ()),[7] => Array ([file] => C:\ProjektPHP\al223ecProjekt\src\blogg\controller\base_controller.php,[line] => 21,[function] => main,[class] => auth\controller\AuthController,[type] => ->,[args] => Array ()),[8] => Array ([file] => C:\ProjektPHP\al223ecProjekt\src\home\controller\home_controller.php,[line] => 17,[function] => setView,[class] => blogg\controller\BaseController,[type] => ->,[args] => Array ([0] => home\view\home\HomeView Object ([] => Array ()))),[9] => Array ([file] => C:\ProjektPHP\al223ecProjekt\core\loader.php,[line] => 11,[function] => __construct,[class] => home\controller\HomeController,[type] => ->,[args] => Array ()),[10] => Array ([file] => C:\ProjektPHP\al223ecProjekt\core\router.php,[line] => 90,[function] => load,[class] => core\Loader,[type] => ::,[args] => Array ([0] => \home\controller\HomeController)),[11] => Array ([file] => C:\ProjektPHP\al223ecProjekt\index.php,[line] => 14,[function] => dispatch,[class] => core\Router,[type] => ->,[args] => Array ())),[] => ,[errorInfo] => )) called at [C:\ProjektPHP\al223ecProjekt\core\router.php:133]
#1  core\Router->redirectToAdminSettings(PDOException Object ([] => SQLSTATE[HY000] [1045] Access denied for user 'root'@'localhost' (using password: YES),[] => ,[] => 1045,[] => C:\ProjektPHP\al223ecProjekt\core\db\repository.php,[] => 16,[] => Array ([0] => Array ([file] => C:\ProjektPHP\al223ecProjekt\core\db\repository.php,[line] => 16,[function] => __construct,[class] => PDO,[type] => ->,[args] => Array ([0] => mysql:host=127.0.0.1;dbname=project,[1] => root,[2] => lösen)),[1] => Array ([file] => C:\ProjektPHP\al223ecProjekt\core\db\repository.php,[line] => 36,[function] => connection,[class] => core\db\Repository,[type] => ->,[args] => Array ()),[2] => Array ([file] => C:\ProjektPHP\al223ecProjekt\core\db\repository.php,[line] => 31,[function] => query,[class] => core\db\Repository,[type] => ->,[args] => Array ([0] => 
			SELECT users.*
			FROM users
			WHERE users.id = :value
		,[1] => Array ([:value] => 13))),[3] => Array ([file] => C:\ProjektPHP\al223ecProjekt\src\auth\model\repository\user_repository.php,[line] => 42,[function] => findBy,[class] => core\db\Repository,[type] => ->,[args] => Array ([0] => id,[1] => 13)),[4] => Array ([file] => C:\ProjektPHP\al223ecProjekt\src\auth\model\auth_model.php,[line] => 30,[function] => getUserWithId,[class] => auth\model\repository\UserRepository,[type] => ->,[args] => Array ([0] => 13)),[5] => Array ([file] => C:\ProjektPHP\al223ecProjekt\src\auth\model\auth_model.php,[line] => 21,[function] => getLoggedInUser,[class] => auth\model\AuthModel,[type] => ->,[args] => Array ()),[6] => Array ([file] => C:\ProjektPHP\al223ecProjekt\src\auth\controller\auth_controller.php,[line] => 28,[function] => getLoggedInUserName,[class] => auth\model\AuthModel,[type] => ->,[args] => Array ()),[7] => Array ([file] => C:\ProjektPHP\al223ecProjekt\src\blogg\controller\base_controller.php,[line] => 21,[function] => main,[class] => auth\controller\AuthController,[type] => ->,[args] => Array ()),[8] => Array ([file] => C:\ProjektPHP\al223ecProjekt\src\home\controller\home_controller.php,[line] => 17,[function] => setView,[class] => blogg\controller\BaseController,[type] => ->,[args] => Array ([0] => home\view\home\HomeView Object ([] => Array ()))),[9] => Array ([file] => C:\ProjektPHP\al223ecProjekt\core\loader.php,[line] => 11,[function] => __construct,[class] => home\controller\HomeController,[type] => ->,[args] => Array ()),[10] => Array ([file] => C:\ProjektPHP\al223ecProjekt\core\router.php,[line] => 90,[function] => load,[class] => core\Loader,[type] => ::,[args] => Array ([0] => \home\controller\HomeController)),[11] => Array ([file] => C:\ProjektPHP\al223ecProjekt\index.php,[line] => 14,[function] => dispatch,[class] => core\Router,[type] => ->,[args] => Array ())),[] => ,[errorInfo] => )) called at [C:\ProjektPHP\al223ecProjekt\core\router.php:101]
#2  core\Router->dispatch() called at [C:\ProjektPHP\al223ecProjekt\index.php:14]
exception 'PDOException' with message 'SQLSTATE[HY000] [1045] Access denied for user 'root'@'localhost' (using password: YES)' in C:\ProjektPHP\al223ecProjekt\core\db\repository.php:16
Stack trace:
#0 C:\ProjektPHP\al223ecProjekt\core\db\repository.php(16): PDO->__construct('mysql:host=127....', 'root', 'l??sen')
#1 C:\ProjektPHP\al223ecProjekt\core\db\repository.php(36): core\db\Repository->connection()
#2 C:\ProjektPHP\al223ecProjekt\core\db\repository.php(31): core\db\Repository->query('?????SELECT use...', Array)
#3 C:\ProjektPHP\al223ecProjekt\src\auth\model\repository\user_repository.php(42): core\db\Repository->findBy('id', '13')
#4 C:\ProjektPHP\al223ecProjekt\src\auth\model\auth_model.php(30): auth\model\repository\UserRepository->getUserWithId('13')
#5 C:\ProjektPHP\al223ecProjekt\src\auth\model\auth_model.php(21): auth\model\AuthModel->getLoggedInUser()
#6 C:\ProjektPHP\al223ecProjekt\src\auth\controller\auth_controller.php(28): auth\model\AuthModel->getLoggedInUserName()
#7 C:\ProjektPHP\al223ecProjekt\src\blogg\controller\base_controller.php(21): auth\controller\AuthController->main()
#8 C:\ProjektPHP\al223ecProjekt\src\home\controller\home_controller.php(17): blogg\controller\BaseController->setView(Object(home\view\home\HomeView))
#9 C:\ProjektPHP\al223ecProjekt\core\loader.php(11): home\controller\HomeController->__construct()
#10 C:\ProjektPHP\al223ecProjekt\core\router.php(90): core\Loader::load('\home\controlle...')
#11 C:\ProjektPHP\al223ecProjekt\index.php(14): core\Router->dispatch()
#12 {main}#0  core\Router->redirectToError(PDOException Object ([] => SQLSTATE[HY000] [1045] Access denied for user 'root'@'localhost' (using password: YES),[] => ,[] => 1045,[] => C:\ProjektPHP\al223ecProjekt\core\db\repository.php,[] => 16,[] => Array ([0] => Array ([file] => C:\ProjektPHP\al223ecProjekt\core\db\repository.php,[line] => 16,[function] => __construct,[class] => PDO,[type] => ->,[args] => Array ([0] => mysql:host=127.0.0.1;dbname=project,[1] => root,[2] => lösen)),[1] => Array ([file] => C:\ProjektPHP\al223ecProjekt\core\db\repository.php,[line] => 36,[function] => connection,[class] => core\db\Repository,[type] => ->,[args] => Array ()),[2] => Array ([file] => C:\ProjektPHP\al223ecProjekt\core\db\repository.php,[line] => 31,[function] => query,[class] => core\db\Repository,[type] => ->,[args] => Array ([0] => 
			SELECT users.*
			FROM users
			WHERE users.id = :value
		,[1] => Array ([:value] => 13))),[3] => Array ([file] => C:\ProjektPHP\al223ecProjekt\src\auth\model\repository\user_repository.php,[line] => 42,[function] => findBy,[class] => core\db\Repository,[type] => ->,[args] => Array ([0] => id,[1] => 13)),[4] => Array ([file] => C:\ProjektPHP\al223ecProjekt\src\auth\model\auth_model.php,[line] => 30,[function] => getUserWithId,[class] => auth\model\repository\UserRepository,[type] => ->,[args] => Array ([0] => 13)),[5] => Array ([file] => C:\ProjektPHP\al223ecProjekt\src\auth\model\auth_model.php,[line] => 21,[function] => getLoggedInUser,[class] => auth\model\AuthModel,[type] => ->,[args] => Array ()),[6] => Array ([file] => C:\ProjektPHP\al223ecProjekt\src\auth\controller\auth_controller.php,[line] => 28,[function] => getLoggedInUserName,[class] => auth\model\AuthModel,[type] => ->,[args] => Array ()),[7] => Array ([file] => C:\ProjektPHP\al223ecProjekt\src\blogg\controller\base_controller.php,[line] => 21,[function] => main,[class] => auth\controller\AuthController,[type] => ->,[args] => Array ()),[8] => Array ([file] => C:\ProjektPHP\al223ecProjekt\src\blogg\controller\twitter_controller.php,[line] => 13,[function] => setView,[class] => blogg\controller\BaseController,[type] => ->,[args] => Array ([0] => blogg\view\twitter\TwitterView Object ([] => Array ([pageTitel] => Twitter)))),[9] => Array ([file] => C:\ProjektPHP\al223ecProjekt\core\loader.php,[line] => 11,[function] => __construct,[class] => blogg\controller\TwitterController,[type] => ->,[args] => Array ()),[10] => Array ([file] => C:\ProjektPHP\al223ecProjekt\core\router.php,[line] => 90,[function] => load,[class] => core\Loader,[type] => ::,[args] => Array ([0] => \blogg\controller\TwitterController)),[11] => Array ([file] => C:\ProjektPHP\al223ecProjekt\index.php,[line] => 14,[function] => dispatch,[class] => core\Router,[type] => ->,[args] => Array ())),[] => ,[errorInfo] => )) called at [C:\ProjektPHP\al223ecProjekt\core\router.php:133]
#1  core\Router->redirectToAdminSettings(PDOException Object ([] => SQLSTATE[HY000] [1045] Access denied for user 'root'@'localhost' (using password: YES),[] => ,[] => 1045,[] => C:\ProjektPHP\al223ecProjekt\core\db\repository.php,[] => 16,[] => Array ([0] => Array ([file] => C:\ProjektPHP\al223ecProjekt\core\db\repository.php,[line] => 16,[function] => __construct,[class] => PDO,[type] => ->,[args] => Array ([0] => mysql:host=127.0.0.1;dbname=project,[1] => root,[2] => lösen)),[1] => Array ([file] => C:\ProjektPHP\al223ecProjekt\core\db\repository.php,[line] => 36,[function] => connection,[class] => core\db\Repository,[type] => ->,[args] => Array ()),[2] => Array ([file] => C:\ProjektPHP\al223ecProjekt\core\db\repository.php,[line] => 31,[function] => query,[class] => core\db\Repository,[type] => ->,[args] => Array ([0] => 
			SELECT users.*
			FROM users
			WHERE users.id = :value
		,[1] => Array ([:value] => 13))),[3] => Array ([file] => C:\ProjektPHP\al223ecProjekt\src\auth\model\repository\user_repository.php,[line] => 42,[function] => findBy,[class] => core\db\Repository,[type] => ->,[args] => Array ([0] => id,[1] => 13)),[4] => Array ([file] => C:\ProjektPHP\al223ecProjekt\src\auth\model\auth_model.php,[line] => 30,[function] => getUserWithId,[class] => auth\model\repository\UserRepository,[type] => ->,[args] => Array ([0] => 13)),[5] => Array ([file] => C:\ProjektPHP\al223ecProjekt\src\auth\model\auth_model.php,[line] => 21,[function] => getLoggedInUser,[class] => auth\model\AuthModel,[type] => ->,[args] => Array ()),[6] => Array ([file] => C:\ProjektPHP\al223ecProjekt\src\auth\controller\auth_controller.php,[line] => 28,[function] => getLoggedInUserName,[class] => auth\model\AuthModel,[type] => ->,[args] => Array ()),[7] => Array ([file] => C:\ProjektPHP\al223ecProjekt\src\blogg\controller\base_controller.php,[line] => 21,[function] => main,[class] => auth\controller\AuthController,[type] => ->,[args] => Array ()),[8] => Array ([file] => C:\ProjektPHP\al223ecProjekt\src\blogg\controller\twitter_controller.php,[line] => 13,[function] => setView,[class] => blogg\controller\BaseController,[type] => ->,[args] => Array ([0] => blogg\view\twitter\TwitterView Object ([] => Array ([pageTitel] => Twitter)))),[9] => Array ([file] => C:\ProjektPHP\al223ecProjekt\core\loader.php,[line] => 11,[function] => __construct,[class] => blogg\controller\TwitterController,[type] => ->,[args] => Array ()),[10] => Array ([file] => C:\ProjektPHP\al223ecProjekt\core\router.php,[line] => 90,[function] => load,[class] => core\Loader,[type] => ::,[args] => Array ([0] => \blogg\controller\TwitterController)),[11] => Array ([file] => C:\ProjektPHP\al223ecProjekt\index.php,[line] => 14,[function] => dispatch,[class] => core\Router,[type] => ->,[args] => Array ())),[] => ,[errorInfo] => )) called at [C:\ProjektPHP\al223ecProjekt\core\router.php:101]
#2  core\Router->dispatch() called at [C:\ProjektPHP\al223ecProjekt\index.php:14]
exception 'PDOException' with message 'SQLSTATE[HY000] [1045] Access denied for user 'root'@'localhost' (using password: YES)' in C:\ProjektPHP\al223ecProjekt\core\db\repository.php:16
Stack trace:
#0 C:\ProjektPHP\al223ecProjekt\core\db\repository.php(16): PDO->__construct('mysql:host=127....', 'root', 'l??sen')
#1 C:\ProjektPHP\al223ecProjekt\core\db\repository.php(36): core\db\Repository->connection()
#2 C:\ProjektPHP\al223ecProjekt\core\db\repository.php(31): core\db\Repository->query('?????SELECT use...', Array)
#3 C:\ProjektPHP\al223ecProjekt\src\auth\model\repository\user_repository.php(42): core\db\Repository->findBy('id', '13')
#4 C:\ProjektPHP\al223ecProjekt\src\auth\model\auth_model.php(30): auth\model\repository\UserRepository->getUserWithId('13')
#5 C:\ProjektPHP\al223ecProjekt\src\auth\model\auth_model.php(21): auth\model\AuthModel->getLoggedInUser()
#6 C:\ProjektPHP\al223ecProjekt\src\auth\controller\auth_controller.php(28): auth\model\AuthModel->getLoggedInUserName()
#7 C:\ProjektPHP\al223ecProjekt\src\blogg\controller\base_controller.php(21): auth\controller\AuthController->main()
#8 C:\ProjektPHP\al223ecProjekt\src\blogg\controller\twitter_controller.php(13): blogg\controller\BaseController->setView(Object(blogg\view\twitter\TwitterView))
#9 C:\ProjektPHP\al223ecProjekt\core\loader.php(11): blogg\controller\TwitterController->__construct()
#10 C:\ProjektPHP\al223ecProjekt\core\router.php(90): core\Loader::load('\blogg\controll...')
#11 C:\ProjektPHP\al223ecProjekt\index.php(14): core\Router->dispatch()
#12 {main}#0  core\Router->redirectToError(PDOException Object ([] => SQLSTATE[HY000] [1045] Access denied for user 'root'@'localhost' (using password: YES),[] => ,[] => 1045,[] => C:\ProjektPHP\al223ecProjekt\core\db\repository.php,[] => 16,[] => Array ([0] => Array ([file] => C:\ProjektPHP\al223ecProjekt\core\db\repository.php,[line] => 16,[function] => __construct,[class] => PDO,[type] => ->,[args] => Array ([0] => mysql:host=127.0.0.1;dbname=project,[1] => root,[2] => lösen)),[1] => Array ([file] => C:\ProjektPHP\al223ecProjekt\core\db\repository.php,[line] => 36,[function] => connection,[class] => core\db\Repository,[type] => ->,[args] => Array ()),[2] => Array ([file] => C:\ProjektPHP\al223ecProjekt\core\db\repository.php,[line] => 31,[function] => query,[class] => core\db\Repository,[type] => ->,[args] => Array ([0] => 
			SELECT users.*
			FROM users
			WHERE users.id = :value
		,[1] => Array ([:value] => 13))),[3] => Array ([file] => C:\ProjektPHP\al223ecProjekt\src\auth\model\repository\user_repository.php,[line] => 42,[function] => findBy,[class] => core\db\Repository,[type] => ->,[args] => Array ([0] => id,[1] => 13)),[4] => Array ([file] => C:\ProjektPHP\al223ecProjekt\src\auth\model\auth_model.php,[line] => 30,[function] => getUserWithId,[class] => auth\model\repository\UserRepository,[type] => ->,[args] => Array ([0] => 13)),[5] => Array ([file] => C:\ProjektPHP\al223ecProjekt\src\auth\model\auth_model.php,[line] => 21,[function] => getLoggedInUser,[class] => auth\model\AuthModel,[type] => ->,[args] => Array ()),[6] => Array ([file] => C:\ProjektPHP\al223ecProjekt\src\auth\controller\auth_controller.php,[line] => 28,[function] => getLoggedInUserName,[class] => auth\model\AuthModel,[type] => ->,[args] => Array ()),[7] => Array ([file] => C:\ProjektPHP\al223ecProjekt\src\blogg\controller\base_controller.php,[line] => 21,[function] => main,[class] => auth\controller\AuthController,[type] => ->,[args] => Array ()),[8] => Array ([file] => C:\ProjektPHP\al223ecProjekt\src\blogg\controller\instagram_controller.php,[line] => 13,[function] => setView,[class] => blogg\controller\BaseController,[type] => ->,[args] => Array ([0] => blogg\view\instagram\InstagramView Object ([] => Array ([pageTitel] => Instagram)))),[9] => Array ([file] => C:\ProjektPHP\al223ecProjekt\core\loader.php,[line] => 11,[function] => __construct,[class] => blogg\controller\InstagramController,[type] => ->,[args] => Array ()),[10] => Array ([file] => C:\ProjektPHP\al223ecProjekt\core\router.php,[line] => 90,[function] => load,[class] => core\Loader,[type] => ::,[args] => Array ([0] => \blogg\controller\InstagramController)),[11] => Array ([file] => C:\ProjektPHP\al223ecProjekt\index.php,[line] => 14,[function] => dispatch,[class] => core\Router,[type] => ->,[args] => Array ())),[] => ,[errorInfo] => )) called at [C:\ProjektPHP\al223ecProjekt\core\router.php:133]
#1  core\Router->redirectToAdminSettings(PDOException Object ([] => SQLSTATE[HY000] [1045] Access denied for user 'root'@'localhost' (using password: YES),[] => ,[] => 1045,[] => C:\ProjektPHP\al223ecProjekt\core\db\repository.php,[] => 16,[] => Array ([0] => Array ([file] => C:\ProjektPHP\al223ecProjekt\core\db\repository.php,[line] => 16,[function] => __construct,[class] => PDO,[type] => ->,[args] => Array ([0] => mysql:host=127.0.0.1;dbname=project,[1] => root,[2] => lösen)),[1] => Array ([file] => C:\ProjektPHP\al223ecProjekt\core\db\repository.php,[line] => 36,[function] => connection,[class] => core\db\Repository,[type] => ->,[args] => Array ()),[2] => Array ([file] => C:\ProjektPHP\al223ecProjekt\core\db\repository.php,[line] => 31,[function] => query,[class] => core\db\Repository,[type] => ->,[args] => Array ([0] => 
			SELECT users.*
			FROM users
			WHERE users.id = :value
		,[1] => Array ([:value] => 13))),[3] => Array ([file] => C:\ProjektPHP\al223ecProjekt\src\auth\model\repository\user_repository.php,[line] => 42,[function] => findBy,[class] => core\db\Repository,[type] => ->,[args] => Array ([0] => id,[1] => 13)),[4] => Array ([file] => C:\ProjektPHP\al223ecProjekt\src\auth\model\auth_model.php,[line] => 30,[function] => getUserWithId,[class] => auth\model\repository\UserRepository,[type] => ->,[args] => Array ([0] => 13)),[5] => Array ([file] => C:\ProjektPHP\al223ecProjekt\src\auth\model\auth_model.php,[line] => 21,[function] => getLoggedInUser,[class] => auth\model\AuthModel,[type] => ->,[args] => Array ()),[6] => Array ([file] => C:\ProjektPHP\al223ecProjekt\src\auth\controller\auth_controller.php,[line] => 28,[function] => getLoggedInUserName,[class] => auth\model\AuthModel,[type] => ->,[args] => Array ()),[7] => Array ([file] => C:\ProjektPHP\al223ecProjekt\src\blogg\controller\base_controller.php,[line] => 21,[function] => main,[class] => auth\controller\AuthController,[type] => ->,[args] => Array ()),[8] => Array ([file] => C:\ProjektPHP\al223ecProjekt\src\blogg\controller\instagram_controller.php,[line] => 13,[function] => setView,[class] => blogg\controller\BaseController,[type] => ->,[args] => Array ([0] => blogg\view\instagram\InstagramView Object ([] => Array ([pageTitel] => Instagram)))),[9] => Array ([file] => C:\ProjektPHP\al223ecProjekt\core\loader.php,[line] => 11,[function] => __construct,[class] => blogg\controller\InstagramController,[type] => ->,[args] => Array ()),[10] => Array ([file] => C:\ProjektPHP\al223ecProjekt\core\router.php,[line] => 90,[function] => load,[class] => core\Loader,[type] => ::,[args] => Array ([0] => \blogg\controller\InstagramController)),[11] => Array ([file] => C:\ProjektPHP\al223ecProjekt\index.php,[line] => 14,[function] => dispatch,[class] => core\Router,[type] => ->,[args] => Array ())),[] => ,[errorInfo] => )) called at [C:\ProjektPHP\al223ecProjekt\core\router.php:101]
#2  core\Router->dispatch() called at [C:\ProjektPHP\al223ecProjekt\index.php:14]
exception 'PDOException' with message 'SQLSTATE[HY000] [1045] Access denied for user 'root'@'localhost' (using password: YES)' in C:\ProjektPHP\al223ecProjekt\core\db\repository.php:16
Stack trace:
#0 C:\ProjektPHP\al223ecProjekt\core\db\repository.php(16): PDO->__construct('mysql:host=127....', 'root', 'l??sen')
#1 C:\ProjektPHP\al223ecProjekt\core\db\repository.php(36): core\db\Repository->connection()
#2 C:\ProjektPHP\al223ecProjekt\core\db\repository.php(31): core\db\Repository->query('?????SELECT use...', Array)
#3 C:\ProjektPHP\al223ecProjekt\src\auth\model\repository\user_repository.php(42): core\db\Repository->findBy('id', '13')
#4 C:\ProjektPHP\al223ecProjekt\src\auth\model\auth_model.php(30): auth\model\repository\UserRepository->getUserWithId('13')
#5 C:\ProjektPHP\al223ecProjekt\src\auth\model\auth_model.php(21): auth\model\AuthModel->getLoggedInUser()
#6 C:\ProjektPHP\al223ecProjekt\src\auth\controller\auth_controller.php(28): auth\model\AuthModel->getLoggedInUserName()
#7 C:\ProjektPHP\al223ecProjekt\src\blogg\controller\base_controller.php(21): auth\controller\AuthController->main()
#8 C:\ProjektPHP\al223ecProjekt\src\blogg\controller\instagram_controller.php(13): blogg\controller\BaseController->setView(Object(blogg\view\instagram\InstagramView))
#9 C:\ProjektPHP\al223ecProjekt\core\loader.php(11): blogg\controller\InstagramController->__construct()
#10 C:\ProjektPHP\al223ecProjekt\core\router.php(90): core\Loader::load('\blogg\controll...')
#11 C:\ProjektPHP\al223ecProjekt\index.php(14): core\Router->dispatch()
#12 {main}#0  core\Router->redirectToError(PDOException Object ([] => SQLSTATE[HY000] [1045] Access denied for user 'root'@'localhost' (using password: YES),[] => ,[] => 1045,[] => C:\ProjektPHP\al223ecProjekt\core\db\repository.php,[] => 16,[] => Array ([0] => Array ([file] => C:\ProjektPHP\al223ecProjekt\core\db\repository.php,[line] => 16,[function] => __construct,[class] => PDO,[type] => ->,[args] => Array ([0] => mysql:host=127.0.0.1;dbname=project,[1] => root,[2] => lösen)),[1] => Array ([file] => C:\ProjektPHP\al223ecProjekt\core\db\repository.php,[line] => 36,[function] => connection,[class] => core\db\Repository,[type] => ->,[args] => Array ()),[2] => Array ([file] => C:\ProjektPHP\al223ecProjekt\core\db\repository.php,[line] => 31,[function] => query,[class] => core\db\Repository,[type] => ->,[args] => Array ([0] => 
			SELECT users.*
			FROM users
			WHERE users.id = :value
		,[1] => Array ([:value] => 13))),[3] => Array ([file] => C:\ProjektPHP\al223ecProjekt\src\auth\model\repository\user_repository.php,[line] => 42,[function] => findBy,[class] => core\db\Repository,[type] => ->,[args] => Array ([0] => id,[1] => 13)),[4] => Array ([file] => C:\ProjektPHP\al223ecProjekt\src\auth\model\auth_model.php,[line] => 30,[function] => getUserWithId,[class] => auth\model\repository\UserRepository,[type] => ->,[args] => Array ([0] => 13)),[5] => Array ([file] => C:\ProjektPHP\al223ecProjekt\src\auth\model\auth_model.php,[line] => 21,[function] => getLoggedInUser,[class] => auth\model\AuthModel,[type] => ->,[args] => Array ()),[6] => Array ([file] => C:\ProjektPHP\al223ecProjekt\src\auth\controller\auth_controller.php,[line] => 28,[function] => getLoggedInUserName,[class] => auth\model\AuthModel,[type] => ->,[args] => Array ()),[7] => Array ([file] => C:\ProjektPHP\al223ecProjekt\src\blogg\controller\base_controller.php,[line] => 21,[function] => main,[class] => auth\controller\AuthController,[type] => ->,[args] => Array ()),[8] => Array ([file] => C:\ProjektPHP\al223ecProjekt\src\blogg\controller\blogg_controller.php,[line] => 14,[function] => setView,[class] => blogg\controller\BaseController,[type] => ->,[args] => Array ([0] => blogg\view\blogg\BloggView Object ([] => BloggView::titelPost,[] => BloggView::textPost,[] => BloggView::idPost,[] => Array ([pageTitel] => Blogg,[titelPost] => BloggView::titelPost,[textPost] => BloggView::textPost,[idPost] => BloggView::idPost)))),[9] => Array ([file] => C:\ProjektPHP\al223ecProjekt\core\loader.php,[line] => 11,[function] => __construct,[class] => blogg\controller\BloggController,[type] => ->,[args] => Array ()),[10] => Array ([file] => C:\ProjektPHP\al223ecProjekt\core\router.php,[line] => 90,[function] => load,[class] => core\Loader,[type] => ::,[args] => Array ([0] => \blogg\controller\BloggController)),[11] => Array ([file] => C:\ProjektPHP\al223ecProjekt\index.php,[line] => 14,[function] => dispatch,[class] => core\Router,[type] => ->,[args] => Array ())),[] => ,[errorInfo] => )) called at [C:\ProjektPHP\al223ecProjekt\core\router.php:133]
#1  core\Router->redirectToAdminSettings(PDOException Object ([] => SQLSTATE[HY000] [1045] Access denied for user 'root'@'localhost' (using password: YES),[] => ,[] => 1045,[] => C:\ProjektPHP\al223ecProjekt\core\db\repository.php,[] => 16,[] => Array ([0] => Array ([file] => C:\ProjektPHP\al223ecProjekt\core\db\repository.php,[line] => 16,[function] => __construct,[class] => PDO,[type] => ->,[args] => Array ([0] => mysql:host=127.0.0.1;dbname=project,[1] => root,[2] => lösen)),[1] => Array ([file] => C:\ProjektPHP\al223ecProjekt\core\db\repository.php,[line] => 36,[function] => connection,[class] => core\db\Repository,[type] => ->,[args] => Array ()),[2] => Array ([file] => C:\ProjektPHP\al223ecProjekt\core\db\repository.php,[line] => 31,[function] => query,[class] => core\db\Repository,[type] => ->,[args] => Array ([0] => 
			SELECT users.*
			FROM users
			WHERE users.id = :value
		,[1] => Array ([:value] => 13))),[3] => Array ([file] => C:\ProjektPHP\al223ecProjekt\src\auth\model\repository\user_repository.php,[line] => 42,[function] => findBy,[class] => core\db\Repository,[type] => ->,[args] => Array ([0] => id,[1] => 13)),[4] => Array ([file] => C:\ProjektPHP\al223ecProjekt\src\auth\model\auth_model.php,[line] => 30,[function] => getUserWithId,[class] => auth\model\repository\UserRepository,[type] => ->,[args] => Array ([0] => 13)),[5] => Array ([file] => C:\ProjektPHP\al223ecProjekt\src\auth\model\auth_model.php,[line] => 21,[function] => getLoggedInUser,[class] => auth\model\AuthModel,[type] => ->,[args] => Array ()),[6] => Array ([file] => C:\ProjektPHP\al223ecProjekt\src\auth\controller\auth_controller.php,[line] => 28,[function] => getLoggedInUserName,[class] => auth\model\AuthModel,[type] => ->,[args] => Array ()),[7] => Array ([file] => C:\ProjektPHP\al223ecProjekt\src\blogg\controller\base_controller.php,[line] => 21,[function] => main,[class] => auth\controller\AuthController,[type] => ->,[args] => Array ()),[8] => Array ([file] => C:\ProjektPHP\al223ecProjekt\src\blogg\controller\blogg_controller.php,[line] => 14,[function] => setView,[class] => blogg\controller\BaseController,[type] => ->,[args] => Array ([0] => blogg\view\blogg\BloggView Object ([] => BloggView::titelPost,[] => BloggView::textPost,[] => BloggView::idPost,[] => Array ([pageTitel] => Blogg,[titelPost] => BloggView::titelPost,[textPost] => BloggView::textPost,[idPost] => BloggView::idPost)))),[9] => Array ([file] => C:\ProjektPHP\al223ecProjekt\core\loader.php,[line] => 11,[function] => __construct,[class] => blogg\controller\BloggController,[type] => ->,[args] => Array ()),[10] => Array ([file] => C:\ProjektPHP\al223ecProjekt\core\router.php,[line] => 90,[function] => load,[class] => core\Loader,[type] => ::,[args] => Array ([0] => \blogg\controller\BloggController)),[11] => Array ([file] => C:\ProjektPHP\al223ecProjekt\index.php,[line] => 14,[function] => dispatch,[class] => core\Router,[type] => ->,[args] => Array ())),[] => ,[errorInfo] => )) called at [C:\ProjektPHP\al223ecProjekt\core\router.php:101]
#2  core\Router->dispatch() called at [C:\ProjektPHP\al223ecProjekt\index.php:14]
exception 'PDOException' with message 'SQLSTATE[HY000] [1045] Access denied for user 'root'@'localhost' (using password: YES)' in C:\ProjektPHP\al223ecProjekt\core\db\repository.php:16
Stack trace:
#0 C:\ProjektPHP\al223ecProjekt\core\db\repository.php(16): PDO->__construct('mysql:host=127....', 'root', 'l??sen')
#1 C:\ProjektPHP\al223ecProjekt\core\db\repository.php(36): core\db\Repository->connection()
#2 C:\ProjektPHP\al223ecProjekt\core\db\repository.php(31): core\db\Repository->query('?????SELECT use...', Array)
#3 C:\ProjektPHP\al223ecProjekt\src\auth\model\repository\user_repository.php(42): core\db\Repository->findBy('id', '13')
#4 C:\ProjektPHP\al223ecProjekt\src\auth\model\auth_model.php(30): auth\model\repository\UserRepository->getUserWithId('13')
#5 C:\ProjektPHP\al223ecProjekt\src\auth\model\auth_model.php(21): auth\model\AuthModel->getLoggedInUser()
#6 C:\ProjektPHP\al223ecProjekt\src\auth\controller\auth_controller.php(28): auth\model\AuthModel->getLoggedInUserName()
#7 C:\ProjektPHP\al223ecProjekt\src\blogg\controller\base_controller.php(21): auth\controller\AuthController->main()
#8 C:\ProjektPHP\al223ecProjekt\src\blogg\controller\blogg_controller.php(14): blogg\controller\BaseController->setView(Object(blogg\view\blogg\BloggView))
#9 C:\ProjektPHP\al223ecProjekt\core\loader.php(11): blogg\controller\BloggController->__construct()
#10 C:\ProjektPHP\al223ecProjekt\core\router.php(90): core\Loader::load('\blogg\controll...')
#11 C:\ProjektPHP\al223ecProjekt\index.php(14): core\Router->dispatch()
#12 {main}#0  core\Router->redirectToError(PDOException Object ([] => SQLSTATE[HY000] [1045] Access denied for user 'root'@'localhost' (using password: YES),[] => ,[] => 1045,[] => C:\ProjektPHP\al223ecProjekt\core\db\repository.php,[] => 16,[] => Array ([0] => Array ([file] => C:\ProjektPHP\al223ecProjekt\core\db\repository.php,[line] => 16,[function] => __construct,[class] => PDO,[type] => ->,[args] => Array ([0] => mysql:host=127.0.0.1;dbname=project,[1] => root,[2] => lösen)),[1] => Array ([file] => C:\ProjektPHP\al223ecProjekt\core\db\repository.php,[line] => 36,[function] => connection,[class] => core\db\Repository,[type] => ->,[args] => Array ()),[2] => Array ([file] => C:\ProjektPHP\al223ecProjekt\core\db\repository.php,[line] => 31,[function] => query,[class] => core\db\Repository,[type] => ->,[args] => Array ([0] => 
			SELECT users.*
			FROM users
			WHERE users.id = :value
		,[1] => Array ([:value] => 13))),[3] => Array ([file] => C:\ProjektPHP\al223ecProjekt\src\auth\model\repository\user_repository.php,[line] => 42,[function] => findBy,[class] => core\db\Repository,[type] => ->,[args] => Array ([0] => id,[1] => 13)),[4] => Array ([file] => C:\ProjektPHP\al223ecProjekt\src\auth\model\auth_model.php,[line] => 30,[function] => getUserWithId,[class] => auth\model\repository\UserRepository,[type] => ->,[args] => Array ([0] => 13)),[5] => Array ([file] => C:\ProjektPHP\al223ecProjekt\src\auth\model\auth_model.php,[line] => 21,[function] => getLoggedInUser,[class] => auth\model\AuthModel,[type] => ->,[args] => Array ()),[6] => Array ([file] => C:\ProjektPHP\al223ecProjekt\src\auth\controller\auth_controller.php,[line] => 28,[function] => getLoggedInUserName,[class] => auth\model\AuthModel,[type] => ->,[args] => Array ()),[7] => Array ([file] => C:\ProjektPHP\al223ecProjekt\src\blogg\controller\base_controller.php,[line] => 21,[function] => main,[class] => auth\controller\AuthController,[type] => ->,[args] => Array ()),[8] => Array ([file] => C:\ProjektPHP\al223ecProjekt\src\home\controller\home_controller.php,[line] => 17,[function] => setView,[class] => blogg\controller\BaseController,[type] => ->,[args] => Array ([0] => home\view\home\HomeView Object ([] => Array ()))),[9] => Array ([file] => C:\ProjektPHP\al223ecProjekt\core\loader.php,[line] => 11,[function] => __construct,[class] => home\controller\HomeController,[type] => ->,[args] => Array ()),[10] => Array ([file] => C:\ProjektPHP\al223ecProjekt\core\router.php,[line] => 90,[function] => load,[class] => core\Loader,[type] => ::,[args] => Array ([0] => \home\controller\HomeController)),[11] => Array ([file] => C:\ProjektPHP\al223ecProjekt\index.php,[line] => 14,[function] => dispatch,[class] => core\Router,[type] => ->,[args] => Array ())),[] => ,[errorInfo] => )) called at [C:\ProjektPHP\al223ecProjekt\core\router.php:133]
#1  core\Router->redirectToAdminSettings(PDOException Object ([] => SQLSTATE[HY000] [1045] Access denied for user 'root'@'localhost' (using password: YES),[] => ,[] => 1045,[] => C:\ProjektPHP\al223ecProjekt\core\db\repository.php,[] => 16,[] => Array ([0] => Array ([file] => C:\ProjektPHP\al223ecProjekt\core\db\repository.php,[line] => 16,[function] => __construct,[class] => PDO,[type] => ->,[args] => Array ([0] => mysql:host=127.0.0.1;dbname=project,[1] => root,[2] => lösen)),[1] => Array ([file] => C:\ProjektPHP\al223ecProjekt\core\db\repository.php,[line] => 36,[function] => connection,[class] => core\db\Repository,[type] => ->,[args] => Array ()),[2] => Array ([file] => C:\ProjektPHP\al223ecProjekt\core\db\repository.php,[line] => 31,[function] => query,[class] => core\db\Repository,[type] => ->,[args] => Array ([0] => 
			SELECT users.*
			FROM users
			WHERE users.id = :value
		,[1] => Array ([:value] => 13))),[3] => Array ([file] => C:\ProjektPHP\al223ecProjekt\src\auth\model\repository\user_repository.php,[line] => 42,[function] => findBy,[class] => core\db\Repository,[type] => ->,[args] => Array ([0] => id,[1] => 13)),[4] => Array ([file] => C:\ProjektPHP\al223ecProjekt\src\auth\model\auth_model.php,[line] => 30,[function] => getUserWithId,[class] => auth\model\repository\UserRepository,[type] => ->,[args] => Array ([0] => 13)),[5] => Array ([file] => C:\ProjektPHP\al223ecProjekt\src\auth\model\auth_model.php,[line] => 21,[function] => getLoggedInUser,[class] => auth\model\AuthModel,[type] => ->,[args] => Array ()),[6] => Array ([file] => C:\ProjektPHP\al223ecProjekt\src\auth\controller\auth_controller.php,[line] => 28,[function] => getLoggedInUserName,[class] => auth\model\AuthModel,[type] => ->,[args] => Array ()),[7] => Array ([file] => C:\ProjektPHP\al223ecProjekt\src\blogg\controller\base_controller.php,[line] => 21,[function] => main,[class] => auth\controller\AuthController,[type] => ->,[args] => Array ()),[8] => Array ([file] => C:\ProjektPHP\al223ecProjekt\src\home\controller\home_controller.php,[line] => 17,[function] => setView,[class] => blogg\controller\BaseController,[type] => ->,[args] => Array ([0] => home\view\home\HomeView Object ([] => Array ()))),[9] => Array ([file] => C:\ProjektPHP\al223ecProjekt\core\loader.php,[line] => 11,[function] => __construct,[class] => home\controller\HomeController,[type] => ->,[args] => Array ()),[10] => Array ([file] => C:\ProjektPHP\al223ecProjekt\core\router.php,[line] => 90,[function] => load,[class] => core\Loader,[type] => ::,[args] => Array ([0] => \home\controller\HomeController)),[11] => Array ([file] => C:\ProjektPHP\al223ecProjekt\index.php,[line] => 14,[function] => dispatch,[class] => core\Router,[type] => ->,[args] => Array ())),[] => ,[errorInfo] => )) called at [C:\ProjektPHP\al223ecProjekt\core\router.php:101]
#2  core\Router->dispatch() called at [C:\ProjektPHP\al223ecProjekt\index.php:14]
exception 'PDOException' with message 'SQLSTATE[HY000] [1045] Access denied for user 'root'@'localhost' (using password: YES)' in C:\ProjektPHP\al223ecProjekt\core\db\repository.php:16
Stack trace:
#0 C:\ProjektPHP\al223ecProjekt\core\db\repository.php(16): PDO->__construct('mysql:host=127....', 'root', 'l??sen')
#1 C:\ProjektPHP\al223ecProjekt\core\db\repository.php(36): core\db\Repository->connection()
#2 C:\ProjektPHP\al223ecProjekt\core\db\repository.php(31): core\db\Repository->query('?????SELECT use...', Array)
#3 C:\ProjektPHP\al223ecProjekt\src\auth\model\repository\user_repository.php(42): core\db\Repository->findBy('id', '13')
#4 C:\ProjektPHP\al223ecProjekt\src\auth\model\auth_model.php(30): auth\model\repository\UserRepository->getUserWithId('13')
#5 C:\ProjektPHP\al223ecProjekt\src\auth\model\auth_model.php(21): auth\model\AuthModel->getLoggedInUser()
#6 C:\ProjektPHP\al223ecProjekt\src\auth\controller\auth_controller.php(28): auth\model\AuthModel->getLoggedInUserName()
#7 C:\ProjektPHP\al223ecProjekt\src\blogg\controller\base_controller.php(21): auth\controller\AuthController->main()
#8 C:\ProjektPHP\al223ecProjekt\src\home\controller\home_controller.php(17): blogg\controller\BaseController->setView(Object(home\view\home\HomeView))
#9 C:\ProjektPHP\al223ecProjekt\core\loader.php(11): home\controller\HomeController->__construct()
#10 C:\ProjektPHP\al223ecProjekt\core\router.php(90): core\Loader::load('\home\controlle...')
#11 C:\ProjektPHP\al223ecProjekt\index.php(14): core\Router->dispatch()
#12 {main}#0  core\Router->redirectToError(PDOException Object ([] => SQLSTATE[HY000] [1045] Access denied for user 'root'@'localhost' (using password: YES),[] => ,[] => 1045,[] => C:\ProjektPHP\al223ecProjekt\core\db\repository.php,[] => 16,[] => Array ([0] => Array ([file] => C:\ProjektPHP\al223ecProjekt\core\db\repository.php,[line] => 16,[function] => __construct,[class] => PDO,[type] => ->,[args] => Array ([0] => mysql:host=127.0.0.1;dbname=project,[1] => root,[2] => lösen)),[1] => Array ([file] => C:\ProjektPHP\al223ecProjekt\core\db\repository.php,[line] => 36,[function] => connection,[class] => core\db\Repository,[type] => ->,[args] => Array ()),[2] => Array ([file] => C:\ProjektPHP\al223ecProjekt\core\db\repository.php,[line] => 31,[function] => query,[class] => core\db\Repository,[type] => ->,[args] => Array ([0] => 
			SELECT users.*
			FROM users
			WHERE users.id = :value
		,[1] => Array ([:value] => 13))),[3] => Array ([file] => C:\ProjektPHP\al223ecProjekt\src\auth\model\repository\user_repository.php,[line] => 42,[function] => findBy,[class] => core\db\Repository,[type] => ->,[args] => Array ([0] => id,[1] => 13)),[4] => Array ([file] => C:\ProjektPHP\al223ecProjekt\src\auth\model\auth_model.php,[line] => 30,[function] => getUserWithId,[class] => auth\model\repository\UserRepository,[type] => ->,[args] => Array ([0] => 13)),[5] => Array ([file] => C:\ProjektPHP\al223ecProjekt\src\auth\model\auth_model.php,[line] => 21,[function] => getLoggedInUser,[class] => auth\model\AuthModel,[type] => ->,[args] => Array ()),[6] => Array ([file] => C:\ProjektPHP\al223ecProjekt\src\auth\controller\auth_controller.php,[line] => 28,[function] => getLoggedInUserName,[class] => auth\model\AuthModel,[type] => ->,[args] => Array ()),[7] => Array ([file] => C:\ProjektPHP\al223ecProjekt\src\blogg\controller\base_controller.php,[line] => 21,[function] => main,[class] => auth\controller\AuthController,[type] => ->,[args] => Array ()),[8] => Array ([file] => C:\ProjektPHP\al223ecProjekt\src\home\controller\home_controller.php,[line] => 17,[function] => setView,[class] => blogg\controller\BaseController,[type] => ->,[args] => Array ([0] => home\view\home\HomeView Object ([] => Array ()))),[9] => Array ([file] => C:\ProjektPHP\al223ecProjekt\core\loader.php,[line] => 11,[function] => __construct,[class] => home\controller\HomeController,[type] => ->,[args] => Array ()),[10] => Array ([file] => C:\ProjektPHP\al223ecProjekt\core\router.php,[line] => 90,[function] => load,[class] => core\Loader,[type] => ::,[args] => Array ([0] => \home\controller\HomeController)),[11] => Array ([file] => C:\ProjektPHP\al223ecProjekt\index.php,[line] => 14,[function] => dispatch,[class] => core\Router,[type] => ->,[args] => Array ())),[] => ,[errorInfo] => )) called at [C:\ProjektPHP\al223ecProjekt\core\router.php:133]
#1  core\Router->redirectToAdminSettings(PDOException Object ([] => SQLSTATE[HY000] [1045] Access denied for user 'root'@'localhost' (using password: YES),[] => ,[] => 1045,[] => C:\ProjektPHP\al223ecProjekt\core\db\repository.php,[] => 16,[] => Array ([0] => Array ([file] => C:\ProjektPHP\al223ecProjekt\core\db\repository.php,[line] => 16,[function] => __construct,[class] => PDO,[type] => ->,[args] => Array ([0] => mysql:host=127.0.0.1;dbname=project,[1] => root,[2] => lösen)),[1] => Array ([file] => C:\ProjektPHP\al223ecProjekt\core\db\repository.php,[line] => 36,[function] => connection,[class] => core\db\Repository,[type] => ->,[args] => Array ()),[2] => Array ([file] => C:\ProjektPHP\al223ecProjekt\core\db\repository.php,[line] => 31,[function] => query,[class] => core\db\Repository,[type] => ->,[args] => Array ([0] => 
			SELECT users.*
			FROM users
			WHERE users.id = :value
		,[1] => Array ([:value] => 13))),[3] => Array ([file] => C:\ProjektPHP\al223ecProjekt\src\auth\model\repository\user_repository.php,[line] => 42,[function] => findBy,[class] => core\db\Repository,[type] => ->,[args] => Array ([0] => id,[1] => 13)),[4] => Array ([file] => C:\ProjektPHP\al223ecProjekt\src\auth\model\auth_model.php,[line] => 30,[function] => getUserWithId,[class] => auth\model\repository\UserRepository,[type] => ->,[args] => Array ([0] => 13)),[5] => Array ([file] => C:\ProjektPHP\al223ecProjekt\src\auth\model\auth_model.php,[line] => 21,[function] => getLoggedInUser,[class] => auth\model\AuthModel,[type] => ->,[args] => Array ()),[6] => Array ([file] => C:\ProjektPHP\al223ecProjekt\src\auth\controller\auth_controller.php,[line] => 28,[function] => getLoggedInUserName,[class] => auth\model\AuthModel,[type] => ->,[args] => Array ()),[7] => Array ([file] => C:\ProjektPHP\al223ecProjekt\src\blogg\controller\base_controller.php,[line] => 21,[function] => main,[class] => auth\controller\AuthController,[type] => ->,[args] => Array ()),[8] => Array ([file] => C:\ProjektPHP\al223ecProjekt\src\home\controller\home_controller.php,[line] => 17,[function] => setView,[class] => blogg\controller\BaseController,[type] => ->,[args] => Array ([0] => home\view\home\HomeView Object ([] => Array ()))),[9] => Array ([file] => C:\ProjektPHP\al223ecProjekt\core\loader.php,[line] => 11,[function] => __construct,[class] => home\controller\HomeController,[type] => ->,[args] => Array ()),[10] => Array ([file] => C:\ProjektPHP\al223ecProjekt\core\router.php,[line] => 90,[function] => load,[class] => core\Loader,[type] => ::,[args] => Array ([0] => \home\controller\HomeController)),[11] => Array ([file] => C:\ProjektPHP\al223ecProjekt\index.php,[line] => 14,[function] => dispatch,[class] => core\Router,[type] => ->,[args] => Array ())),[] => ,[errorInfo] => )) called at [C:\ProjektPHP\al223ecProjekt\core\router.php:101]
#2  core\Router->dispatch() called at [C:\ProjektPHP\al223ecProjekt\index.php:14]
exception 'PDOException' with message 'SQLSTATE[HY000] [1045] Access denied for user 'root'@'localhost' (using password: YES)' in C:\ProjektPHP\al223ecProjekt\core\db\repository.php:16
Stack trace:
#0 C:\ProjektPHP\al223ecProjekt\core\db\repository.php(16): PDO->__construct('mysql:host=127....', 'root', 'l??sen')
#1 C:\ProjektPHP\al223ecProjekt\core\db\repository.php(36): core\db\Repository->connection()
#2 C:\ProjektPHP\al223ecProjekt\core\db\repository.php(31): core\db\Repository->query('?????SELECT use...', Array)
#3 C:\ProjektPHP\al223ecProjekt\src\auth\model\repository\user_repository.php(42): core\db\Repository->findBy('id', '13')
#4 C:\ProjektPHP\al223ecProjekt\src\auth\model\auth_model.php(30): auth\model\repository\UserRepository->getUserWithId('13')
#5 C:\ProjektPHP\al223ecProjekt\src\auth\model\auth_model.php(21): auth\model\AuthModel->getLoggedInUser()
#6 C:\ProjektPHP\al223ecProjekt\src\auth\controller\auth_controller.php(28): auth\model\AuthModel->getLoggedInUserName()
#7 C:\ProjektPHP\al223ecProjekt\src\blogg\controller\base_controller.php(21): auth\controller\AuthController->main()
#8 C:\ProjektPHP\al223ecProjekt\src\home\controller\home_controller.php(17): blogg\controller\BaseController->setView(Object(home\view\home\HomeView))
#9 C:\ProjektPHP\al223ecProjekt\core\loader.php(11): home\controller\HomeController->__construct()
#10 C:\ProjektPHP\al223ecProjekt\core\router.php(90): core\Loader::load('\home\controlle...')
#11 C:\ProjektPHP\al223ecProjekt\index.php(14): core\Router->dispatch()
#12 {main}